{"/home/david/Private/hub/common/cp-remote/Gruntfile.js":{"path":"/home/david/Private/hub/common/cp-remote/Gruntfile.js","s":{"1":1,"2":1,"3":1,"4":1,"5":1,"6":1,"7":1,"8":1,"9":1,"10":1,"11":1,"12":1},"b":{},"f":{"1":1},"fnMap":{"1":{"name":"(anonymous_1)","line":4,"loc":{"start":{"line":4,"column":17},"end":{"line":5,"column":0}}}},"statementMap":{"1":{"start":{"line":4,"column":0},"end":{"line":54,"column":2}},"2":{"start":{"line":6,"column":4},"end":{"line":41,"column":7}},"3":{"start":{"line":43,"column":4},"end":{"line":43,"column":39}},"4":{"start":{"line":44,"column":4},"end":{"line":44,"column":43}},"5":{"start":{"line":45,"column":4},"end":{"line":45,"column":39}},"6":{"start":{"line":46,"column":4},"end":{"line":46,"column":37}},"7":{"start":{"line":48,"column":4},"end":{"line":48,"column":45}},"8":{"start":{"line":49,"column":4},"end":{"line":49,"column":44}},"9":{"start":{"line":50,"column":4},"end":{"line":50,"column":41}},"10":{"start":{"line":51,"column":4},"end":{"line":51,"column":71}},"11":{"start":{"line":52,"column":4},"end":{"line":52,"column":54}},"12":{"start":{"line":53,"column":4},"end":{"line":53,"column":63}}},"branchMap":{}},"/home/david/Private/hub/common/cp-remote/index.js":{"path":"/home/david/Private/hub/common/cp-remote/index.js","s":{"1":1,"2":1,"3":1,"4":1,"5":1,"6":1},"b":{},"f":{"1":1},"fnMap":{"1":{"name":"(anonymous_1)","line":100,"loc":{"start":{"line":100,"column":14},"end":{"line":101,"column":0}}}},"statementMap":{"1":{"start":{"line":96,"column":0},"end":{"line":98,"column":33}},"2":{"start":{"line":100,"column":0},"end":{"line":112,"column":2}},"3":{"start":{"line":102,"column":4},"end":{"line":105,"column":41}},"4":{"start":{"line":107,"column":4},"end":{"line":107,"column":34}},"5":{"start":{"line":108,"column":4},"end":{"line":109,"column":68}},"6":{"start":{"line":111,"column":4},"end":{"line":111,"column":17}}},"branchMap":{}},"/home/david/Private/hub/common/cp-remote/packed.js":{"path":"/home/david/Private/hub/common/cp-remote/packed.js","s":{"1":1},"b":{},"f":{},"fnMap":{},"statementMap":{"1":{"start":{"line":1,"column":0},"end":{"line":3,"column":0}}},"branchMap":{}}}