{"/home/david/cp-remote/Gruntfile.js":{"path":"/home/david/cp-remote/Gruntfile.js","s":{"1":1,"2":1,"3":4,"4":1,"5":1,"6":1,"7":1,"8":1,"9":1,"10":1,"11":1,"12":1,"13":1,"14":1,"15":1,"16":1,"17":1,"18":1},"b":{"1":[1,3],"2":[0,1]},"f":{"1":1},"fnMap":{"1":{"name":"(anonymous_1)","line":14,"loc":{"start":{"line":14,"column":17},"end":{"line":15,"column":0}}}},"statementMap":{"1":{"start":{"line":4,"column":0},"end":{"line":4,"column":22}},"2":{"start":{"line":5,"column":0},"end":{"line":12,"column":1}},"3":{"start":{"line":7,"column":4},"end":{"line":11,"column":5}},"4":{"start":{"line":9,"column":8},"end":{"line":9,"column":25}},"5":{"start":{"line":10,"column":8},"end":{"line":10,"column":14}},"6":{"start":{"line":14,"column":0},"end":{"line":68,"column":2}},"7":{"start":{"line":16,"column":4},"end":{"line":54,"column":7}},"8":{"start":{"line":56,"column":4},"end":{"line":56,"column":47}},"9":{"start":{"line":57,"column":4},"end":{"line":57,"column":43}},"10":{"start":{"line":58,"column":4},"end":{"line":58,"column":39}},"11":{"start":{"line":59,"column":4},"end":{"line":59,"column":38}},"12":{"start":{"line":61,"column":4},"end":{"line":61,"column":41}},"13":{"start":{"line":62,"column":4},"end":{"line":62,"column":44}},"14":{"start":{"line":63,"column":4},"end":{"line":63,"column":61}},"15":{"start":{"line":64,"column":4},"end":{"line":64,"column":45}},"16":{"start":{"line":65,"column":4},"end":{"line":65,"column":73}},"17":{"start":{"line":66,"column":4},"end":{"line":66,"column":54}},"18":{"start":{"line":67,"column":4},"end":{"line":67,"column":52}}},"branchMap":{"1":{"line":7,"type":"if","locations":[{"start":{"line":7,"column":4},"end":{"line":7,"column":4}},{"start":{"line":7,"column":4},"end":{"line":7,"column":4}}]},"2":{"line":35,"type":"cond-expr","locations":[{"start":{"line":35,"column":146},"end":{"line":35,"column":148},"skip":true},{"start":{"line":35,"column":151},"end":{"line":35,"column":193}}]}}},"/home/david/cp-remote/index.js":{"path":"/home/david/cp-remote/index.js","s":{"1":1,"2":1,"3":1,"4":1,"5":1,"6":1,"7":1},"b":{},"f":{"1":1},"fnMap":{"1":{"name":"run","line":121,"loc":{"start":{"line":121,"column":0},"end":{"line":122,"column":0}}}},"statementMap":{"1":{"start":{"line":110,"column":0},"end":{"line":112,"column":33}},"2":{"start":{"line":121,"column":0},"end":{"line":133,"column":1}},"3":{"start":{"line":123,"column":4},"end":{"line":126,"column":41}},"4":{"start":{"line":128,"column":4},"end":{"line":128,"column":34}},"5":{"start":{"line":129,"column":4},"end":{"line":130,"column":68}},"6":{"start":{"line":132,"column":4},"end":{"line":132,"column":17}},"7":{"start":{"line":135,"column":0},"end":{"line":135,"column":18}}},"branchMap":{}},"/home/david/cp-remote/packed.js":{"path":"/home/david/cp-remote/packed.js","s":{"1":1},"b":{},"f":{},"fnMap":{},"statementMap":{"1":{"start":{"line":1,"column":0},"end":{"line":1,"column":2217}}},"branchMap":{}}}