TN:
SF:/home/david/cp-remote/Gruntfile.js
FN:14,(anonymous_1)
FNF:1
FNH:1
FNDA:1,(anonymous_1)
DA:4,1
DA:5,1
DA:7,4
DA:9,1
DA:10,1
DA:14,1
DA:16,1
DA:56,1
DA:57,1
DA:58,1
DA:59,1
DA:61,1
DA:62,1
DA:63,1
DA:64,1
DA:65,1
DA:66,1
DA:67,1
LF:18
LH:18
BRDA:7,1,0,1
BRDA:7,1,1,3
BRDA:35,2,0,0
BRDA:35,2,1,1
BRF:4
BRH:4
end_of_record
TN:
SF:/home/david/cp-remote/index.js
FN:121,run
FNF:1
FNH:1
FNDA:1,run
DA:110,1
DA:121,1
DA:123,1
DA:128,1
DA:129,1
DA:132,1
DA:135,1
LF:7
LH:7
BRF:0
BRH:0
end_of_record
TN:
SF:/home/david/cp-remote/packed.js
FNF:0
FNH:0
DA:1,1
LF:1
LH:1
BRF:0
BRH:0
end_of_record
