TN:
SF:/home/david/Private/hub/common/cp-remote/Gruntfile.js
FN:4,(anonymous_1)
FNF:1
FNH:1
FNDA:1,(anonymous_1)
DA:4,1
DA:6,1
DA:43,1
DA:44,1
DA:45,1
DA:46,1
DA:48,1
DA:49,1
DA:50,1
DA:51,1
DA:52,1
DA:53,1
LF:12
LH:12
BRF:0
BRH:0
end_of_record
TN:
SF:/home/david/Private/hub/common/cp-remote/index.js
FN:100,(anonymous_1)
FNF:1
FNH:1
FNDA:1,(anonymous_1)
DA:96,1
DA:100,1
DA:102,1
DA:107,1
DA:108,1
DA:111,1
LF:6
LH:6
BRF:0
BRH:0
end_of_record
TN:
SF:/home/david/Private/hub/common/cp-remote/packed.js
FNF:0
FNH:0
DA:1,1
LF:1
LH:1
BRF:0
BRH:0
end_of_record
